<?xml version="1.0" encoding="UTF-8"?>
<!-- Generated by org.testng.reporters.JUnitReportReporter -->
<testsuite skipped="0" hostname="DESKTOP-4LBCSSF" name="testcases.LoginTest" tests="2" failures="0" timestamp="2023-03-06T19:34:53 IST" time="11.818" errors="0">
  <testcase name="loginToApplication" time="8.369" classname="testcases.LoginTest"/>
  <testcase name="loginToApplication" time="3.449" classname="testcases.LoginTest"/>
</testsuite> <!-- testcases.LoginTest -->
